# JRE version: OpenJDK Runtime Environment (7.0_45-b31) (build 1.7.0_45-b31)
# Java VM: OpenJDK 64-Bit Server VM (24.45-b08 mixed mode linux-amd64 compressed oops)
Heap
 PSYoungGen      total 117248K, used 7185K [0x00000000f5500000, 0x0000000100000000, 0x0000000100000000)
  eden space 59392K, 3% used [0x00000000f5500000,0x00000000f5723150,0x00000000f8f00000)
  from space 57856K, 8% used [0x00000000fc780000,0x00000000fcc61678,0x0000000100000000)
  to   space 57856K, 0% used [0x00000000f8f00000,0x00000000f8f00000,0x00000000fc780000)
 ParOldGen       total 145408K, used 89191K [0x00000000e0000000, 0x00000000e8e00000, 0x00000000f5500000)
  object space 145408K, 61% used [0x00000000e0000000,0x00000000e5719d38,0x00000000e8e00000)
 PSPermGen       total 108544K, used 77901K [0x00000000d0000000, 0x00000000d6a00000, 0x00000000e0000000)
  object space 108544K, 71% used [0x00000000d0000000,0x00000000d4c13540,0x00000000d6a00000)
GC Heap History (10 events):
Event: 12.175 GC heap before
{Heap before GC invocations=15 (full 2):
 PSYoungGen      total 125440K, used 125431K [0x00000000f5500000, 0x0000000100000000, 0x0000000100000000)
  eden space 92160K, 100% used [0x00000000f5500000,0x00000000faf00000,0x00000000faf00000)
  from space 33280K, 99% used [0x00000000fd500000,0x00000000ff57dd90,0x00000000ff580000)
  to   space 38912K, 0% used [0x00000000faf00000,0x00000000faf00000,0x00000000fd500000)
 ParOldGen       total 90112K, used 53348K [0x00000000e0000000, 0x00000000e5800000, 0x00000000f5500000)
  object space 90112K, 59% used [0x00000000e0000000,0x00000000e34191c0,0x00000000e5800000)
 PSPermGen       total 88576K, used 82269K [0x00000000d0000000, 0x00000000d5680000, 0x00000000e0000000)
  object space 88576K, 92% used [0x00000000d0000000,0x00000000d5057490,0x00000000d5680000)
Event: 12.209 GC heap after
Heap after GC invocations=15 (full 2):
 PSYoungGen      total 131072K, used 38904K [0x00000000f5500000, 0x0000000100000000, 0x0000000100000000)
  eden space 92160K, 0% used [0x00000000f5500000,0x00000000f5500000,0x00000000faf00000)
  from space 38912K, 99% used [0x00000000faf00000,0x00000000fd4fe018,0x00000000fd500000)
  to   space 44032K, 0% used [0x00000000fd500000,0x00000000fd500000,0x0000000100000000)
 ParOldGen       total 90112K, used 59916K [0x00000000e0000000, 0x00000000e5800000, 0x00000000f5500000)
  object space 90112K, 66% used [0x00000000e0000000,0x00000000e3a83388,0x00000000e5800000)
 PSPermGen       total 88576K, used 82269K [0x00000000d0000000, 0x00000000d5680000, 0x00000000e0000000)
  object space 88576K, 92% used [0x00000000d0000000,0x00000000d5057490,0x00000000d5680000)
}
Event: 12.576 GC heap before
{Heap before GC invocations=16 (full 2):
 PSYoungGen      total 131072K, used 131064K [0x00000000f5500000, 0x0000000100000000, 0x0000000100000000)
  eden space 92160K, 100% used [0x00000000f5500000,0x00000000faf00000,0x00000000faf00000)
  from space 38912K, 99% used [0x00000000faf00000,0x00000000fd4fe018,0x00000000fd500000)
  to   space 44032K, 0% used [0x00000000fd500000,0x00000000fd500000,0x0000000100000000)
 ParOldGen       total 90112K, used 59916K [0x00000000e0000000, 0x00000000e5800000, 0x00000000f5500000)
  object space 90112K, 66% used [0x00000000e0000000,0x00000000e3a83388,0x00000000e5800000)
 PSPermGen       total 88576K, used 82288K [0x00000000d0000000, 0x00000000d5680000, 0x00000000e0000000)
  object space 88576K, 92% used [0x00000000d0000000,0x00000000d505c290,0x00000000d5680000)
Event: 12.621 GC heap after
Heap after GC invocations=16 (full 2):
 PSYoungGen      total 105472K, used 44030K [0x00000000f5500000, 0x0000000100000000, 0x0000000100000000)
  eden space 61440K, 0% used [0x00000000f5500000,0x00000000f5500000,0x00000000f9100000)
  from space 44032K, 99% used [0x00000000fd500000,0x00000000fffff8f0,0x0000000100000000)
  to   space 56832K, 0% used [0x00000000f9100000,0x00000000f9100000,0x00000000fc880000)
 ParOldGen       total 90112K, used 68635K [0x00000000e0000000, 0x00000000e5800000, 0x00000000f5500000)
  object space 90112K, 76% used [0x00000000e0000000,0x00000000e4306e40,0x00000000e5800000)
 PSPermGen       total 88576K, used 82288K [0x00000000d0000000, 0x00000000d5680000, 0x00000000e0000000)
  object space 88576K, 92% used [0x00000000d0000000,0x00000000d505c290,0x00000000d5680000)
}
Event: 14.211 GC heap before
{Heap before GC invocations=17 (full 2):
 PSYoungGen      total 105472K, used 105470K [0x00000000f5500000, 0x0000000100000000, 0x0000000100000000)
  eden space 61440K, 100% used [0x00000000f5500000,0x00000000f9100000,0x00000000f9100000)
  from space 44032K, 99% used [0x00000000fd500000,0x00000000fffff8f0,0x0000000100000000)
  to   space 56832K, 0% used [0x00000000f9100000,0x00000000f9100000,0x00000000fc880000)
 ParOldGen       total 90112K, used 68635K [0x00000000e0000000, 0x00000000e5800000, 0x00000000f5500000)
  object space 90112K, 76% used [0x00000000e0000000,0x00000000e4306e40,0x00000000e5800000)
 PSPermGen       total 88576K, used 82964K [0x00000000d0000000, 0x00000000d5680000, 0x00000000e0000000)
  object space 88576K, 93% used [0x00000000d0000000,0x00000000d51051f0,0x00000000d5680000)
Event: 14.248 GC heap after
Heap after GC invocations=17 (full 2):
 PSYoungGen      total 96768K, used 35073K [0x00000000f5500000, 0x0000000100000000, 0x0000000100000000)
  eden space 61440K, 0% used [0x00000000f5500000,0x00000000f5500000,0x00000000f9100000)
  from space 35328K, 99% used [0x00000000f9100000,0x00000000fb340690,0x00000000fb380000)
  to   space 57856K, 0% used [0x00000000fc780000,0x00000000fc780000,0x0000000100000000)
 ParOldGen       total 90112K, used 83607K [0x00000000e0000000, 0x00000000e5800000, 0x00000000f5500000)
  object space 90112K, 92% used [0x00000000e0000000,0x00000000e51a5fe8,0x00000000e5800000)
 PSPermGen       total 88576K, used 82964K [0x00000000d0000000, 0x00000000d5680000, 0x00000000e0000000)
  object space 88576K, 93% used [0x00000000d0000000,0x00000000d51051f0,0x00000000d5680000)
}
Event: 14.248 GC heap before
{Heap before GC invocations=18 (full 3):
 PSYoungGen      total 96768K, used 35073K [0x00000000f5500000, 0x0000000100000000, 0x0000000100000000)
  eden space 61440K, 0% used [0x00000000f5500000,0x00000000f5500000,0x00000000f9100000)
  from space 35328K, 99% used [0x00000000f9100000,0x00000000fb340690,0x00000000fb380000)
  to   space 57856K, 0% used [0x00000000fc780000,0x00000000fc780000,0x0000000100000000)
 ParOldGen       total 90112K, used 83607K [0x00000000e0000000, 0x00000000e5800000, 0x00000000f5500000)
  object space 90112K, 92% used [0x00000000e0000000,0x00000000e51a5fe8,0x00000000e5800000)
 PSPermGen       total 88576K, used 82964K [0x00000000d0000000, 0x00000000d5680000, 0x00000000e0000000)
  object space 88576K, 93% used [0x00000000d0000000,0x00000000d51051f0,0x00000000d5680000)
Event: 14.564 GC heap after
Heap after GC invocations=18 (full 3):
 PSYoungGen      total 96768K, used 0K [0x00000000f5500000, 0x0000000100000000, 0x0000000100000000)
  eden space 61440K, 0% used [0x00000000f5500000,0x00000000f5500000,0x00000000f9100000)
  from space 35328K, 0% used [0x00000000f9100000,0x00000000f9100000,0x00000000fb380000)
  to   space 57856K, 0% used [0x00000000fc780000,0x00000000fc780000,0x0000000100000000)
 ParOldGen       total 145408K, used 89181K [0x00000000e0000000, 0x00000000e8e00000, 0x00000000f5500000)
  object space 145408K, 61% used [0x00000000e0000000,0x00000000e5717480,0x00000000e8e00000)
 PSPermGen       total 108544K, used 75543K [0x00000000d0000000, 0x00000000d6a00000, 0x00000000e0000000)
  object space 108544K, 69% used [0x00000000d0000000,0x00000000d49c5ed8,0x00000000d6a00000)
}
Event: 14.858 GC heap before
{Heap before GC invocations=19 (full 3):
 PSYoungGen      total 96768K, used 61440K [0x00000000f5500000, 0x0000000100000000, 0x0000000100000000)
  eden space 61440K, 100% used [0x00000000f5500000,0x00000000f9100000,0x00000000f9100000)
  from space 35328K, 0% used [0x00000000f9100000,0x00000000f9100000,0x00000000fb380000)
  to   space 57856K, 0% used [0x00000000fc780000,0x00000000fc780000,0x0000000100000000)
 ParOldGen       total 145408K, used 89191K [0x00000000e0000000, 0x00000000e8e00000, 0x00000000f5500000)
  object space 145408K, 61% used [0x00000000e0000000,0x00000000e5719d38,0x00000000e8e00000)
 PSPermGen       total 108544K, used 77646K [0x00000000d0000000, 0x00000000d6a00000, 0x00000000e0000000)
  object space 108544K, 71% used [0x00000000d0000000,0x00000000d4bd3a88,0x00000000d6a00000)
Event: 14.865 GC heap after
Heap after GC invocations=19 (full 3):
 PSYoungGen      total 117248K, used 4997K [0x00000000f5500000, 0x0000000100000000, 0x0000000100000000)
  eden space 59392K, 0% used [0x00000000f5500000,0x00000000f5500000,0x00000000f8f00000)
  from space 57856K, 8% used [0x00000000fc780000,0x00000000fcc61678,0x0000000100000000)
  to   space 57856K, 0% used [0x00000000f8f00000,0x00000000f8f00000,0x00000000fc780000)
 ParOldGen       total 145408K, used 89191K [0x00000000e0000000, 0x00000000e8e00000, 0x00000000f5500000)
  object space 145408K, 61% used [0x00000000e0000000,0x00000000e5719d38,0x00000000e8e00000)
 PSPermGen       total 108544K, used 77646K [0x00000000d0000000, 0x00000000d6a00000, 0x00000000e0000000)
  object space 108544K, 71% used [0x00000000d0000000,0x00000000d4bd3a88,0x00000000d6a00000)
}

